<?xml version="1.0" encoding="UTF-8"?>
<!-- Generated by org.testng.reporters.JUnitReportReporter -->
<testsuite hostname="Hendriks-MacBook-Air.local" failures="0" tests="5" name="test.day3" time="0.007" errors="0" timestamp="2021-03-21T15:49:28 EDT" skipped="0">
  <testcase classname="test.day3" name="APICarLoan" time="0.001"/>
  <system-out/>
  <testcase classname="test.day3" name="MobileLogInCarLoan" time="0.001"/>
  <system-out/>
  <testcase classname="test.day3" name="MobileSignInCarLoan" time="0.001"/>
  <system-out/>
  <testcase classname="test.day3" name="WebloginCarLoan" time="0.002"/>
  <system-out/>
  <testcase classname="test.day3" name="MobileSignOutCarLoan" time="0.002"/>
  <system-out/>
</testsuite> <!-- test.day3 -->
