<?xml version="1.0" encoding="UTF-8"?>
<!-- Generated by org.testng.reporters.JUnitReportReporter -->
<testsuite hostname="Hendriks-MacBook-Air.local" failures="0" tests="1" name="test.day2" time="0.002" errors="0" timestamp="2021-03-21T15:49:28 EDT" skipped="0">
  <testcase classname="test.day2" name="SecondTest" time="0.002"/>
  <system-out/>
</testsuite> <!-- test.day2 -->
