<?xml version="1.0" encoding="UTF-8"?>
<!-- Generated by org.testng.reporters.JUnitReportReporter -->
<testsuite hostname="Hendriks-MacBook-Air.local" failures="0" tests="1" name="test.day1" time="0.008" errors="0" timestamp="2021-03-21T15:49:28 EDT" skipped="0">
  <testcase classname="test.day1" name="FirstTest" time="0.008"/>
  <system-out/>
</testsuite> <!-- test.day1 -->
